# JRE version: Java(TM) SE Runtime Environment (11.0.6+8) (build 11.0.6+8-LTS)
# Java VM: Java HotSpot(TM) 64-Bit Server VM (11.0.6+8-LTS, mixed mode, tiered, compressed oops, g1 gc, windows-amd64)
Heap:
 garbage-first heap   total 140288K, used 103691K [0x0000000082600000, 0x0000000100000000)
  region size 1024K, 58 young (59392K), 6 survivors (6144K)
 Metaspace       used 76735K, capacity 78812K, committed 79056K, reserved 1118208K
  class space    used 10004K, capacity 10828K, committed 10880K, reserved 1048576K
GC Heap History (10 events):
Event: 128.298 GC heap before
{Heap before GC invocations=19 (full 0):
 garbage-first heap   total 238592K, used 49693K [0x0000000082600000, 0x0000000100000000)
  region size 1024K, 11 young (11264K), 9 survivors (9216K)
 Metaspace       used 75438K, capacity 77388K, committed 77648K, reserved 1116160K
  class space    used 9864K, capacity 10625K, committed 10752K, reserved 1048576K
}
Event: 128.348 GC heap after
{Heap after GC invocations=20 (full 1):
 garbage-first heap   total 140288K, used 40459K [0x0000000082600000, 0x0000000100000000)
  region size 1024K, 0 young (0K), 0 survivors (0K)
 Metaspace       used 75427K, capacity 77370K, committed 77648K, reserved 1116160K
  class space    used 9863K, capacity 10622K, committed 10752K, reserved 1048576K
}
Event: 128.731 GC heap before
{Heap before GC invocations=20 (full 1):
 garbage-first heap   total 140288K, used 107019K [0x0000000082600000, 0x0000000100000000)
  region size 1024K, 65 young (66560K), 0 survivors (0K)
 Metaspace       used 75703K, capacity 77718K, committed 77904K, reserved 1116160K
  class space    used 9899K, capacity 10671K, committed 10752K, reserved 1048576K
}
Event: 128.734 GC heap after
{Heap after GC invocations=21 (full 1):
 garbage-first heap   total 140288K, used 43531K [0x0000000082600000, 0x0000000100000000)
  region size 1024K, 3 young (3072K), 3 survivors (3072K)
 Metaspace       used 75703K, capacity 77718K, committed 77904K, reserved 1116160K
  class space    used 9899K, capacity 10671K, committed 10752K, reserved 1048576K
}
Event: 128.881 GC heap before
{Heap before GC invocations=21 (full 1):
 garbage-first heap   total 140288K, used 108043K [0x0000000082600000, 0x0000000100000000)
  region size 1024K, 67 young (68608K), 3 survivors (3072K)
 Metaspace       used 75757K, capacity 77733K, committed 77904K, reserved 1116160K
  class space    used 9904K, capacity 10674K, committed 10752K, reserved 1048576K
}
Event: 128.884 GC heap after
{Heap after GC invocations=22 (full 1):
 garbage-first heap   total 140288K, used 44757K [0x0000000082600000, 0x0000000100000000)
  region size 1024K, 5 young (5120K), 5 survivors (5120K)
 Metaspace       used 75757K, capacity 77733K, committed 77904K, reserved 1116160K
  class space    used 9904K, capacity 10674K, committed 10752K, reserved 1048576K
}
Event: 129.277 GC heap before
{Heap before GC invocations=22 (full 1):
 garbage-first heap   total 140288K, used 111317K [0x0000000082600000, 0x0000000100000000)
  region size 1024K, 69 young (70656K), 5 survivors (5120K)
 Metaspace       used 76432K, capacity 78565K, committed 78800K, reserved 1118208K
  class space    used 9966K, capacity 10791K, committed 10880K, reserved 1048576K
}
Event: 129.281 GC heap after
{Heap after GC invocations=23 (full 1):
 garbage-first heap   total 140288K, used 49342K [0x0000000082600000, 0x0000000100000000)
  region size 1024K, 7 young (7168K), 7 survivors (7168K)
 Metaspace       used 76432K, capacity 78565K, committed 78800K, reserved 1118208K
  class space    used 9966K, capacity 10791K, committed 10880K, reserved 1048576K
}
Event: 190.831 GC heap before
{Heap before GC invocations=23 (full 1):
 garbage-first heap   total 140288K, used 111806K [0x0000000082600000, 0x0000000100000000)
  region size 1024K, 69 young (70656K), 7 survivors (7168K)
 Metaspace       used 76670K, capacity 78800K, committed 79056K, reserved 1118208K
  class space    used 9994K, capacity 10825K, committed 10880K, reserved 1048576K
}
Event: 190.844 GC heap after
{Heap after GC invocations=24 (full 1):
 garbage-first heap   total 140288K, used 50443K [0x0000000082600000, 0x0000000100000000)
  region size 1024K, 6 young (6144K), 6 survivors (6144K)
 Metaspace       used 76670K, capacity 78800K, committed 79056K, reserved 1118208K
  class space    used 9994K, capacity 10825K, committed 10880K, reserved 1048576K
}

