# JRE version: Java(TM) SE Runtime Environment (11.0.6+8) (build 11.0.6+8-LTS)
# Java VM: Java HotSpot(TM) 64-Bit Server VM (11.0.6+8-LTS, mixed mode, tiered, compressed oops, g1 gc, windows-amd64)
Heap:
 garbage-first heap   total 249856K, used 148475K [0x0000000082600000, 0x0000000100000000)
  region size 1024K, 110 young (112640K), 10 survivors (10240K)
 Metaspace       used 74893K, capacity 76814K, committed 77084K, reserved 1116160K
  class space    used 9809K, capacity 10561K, committed 10624K, reserved 1048576K
GC Heap History (10 events):
Event: 2.337 GC heap after
{Heap after GC invocations=12 (full 0):
 garbage-first heap   total 187392K, used 30907K [0x0000000082600000, 0x0000000100000000)
  region size 1024K, 9 young (9216K), 9 survivors (9216K)
 Metaspace       used 36249K, capacity 37544K, committed 37808K, reserved 1081344K
  class space    used 4592K, capacity 5085K, committed 5120K, reserved 1048576K
}
Event: 2.891 GC heap before
{Heap before GC invocations=12 (full 0):
 garbage-first heap   total 187392K, used 135355K [0x0000000082600000, 0x0000000100000000)
  region size 1024K, 109 young (111616K), 9 survivors (9216K)
 Metaspace       used 46657K, capacity 48025K, committed 48176K, reserved 1091584K
  class space    used 5888K, capacity 6427K, committed 6528K, reserved 1048576K
}
Event: 2.899 GC heap after
{Heap after GC invocations=13 (full 0):
 garbage-first heap   total 187392K, used 36954K [0x0000000082600000, 0x0000000100000000)
  region size 1024K, 11 young (11264K), 11 survivors (11264K)
 Metaspace       used 46657K, capacity 48025K, committed 48176K, reserved 1091584K
  class space    used 5888K, capacity 6427K, committed 6528K, reserved 1048576K
}
Event: 3.240 GC heap before
{Heap before GC invocations=13 (full 0):
 garbage-first heap   total 187392K, used 136282K [0x0000000082600000, 0x0000000100000000)
  region size 1024K, 109 young (111616K), 11 survivors (11264K)
 Metaspace       used 55798K, capacity 57312K, committed 57520K, reserved 1099776K
  class space    used 7082K, capacity 7639K, committed 7680K, reserved 1048576K
}
Event: 3.255 GC heap after
{Heap after GC invocations=14 (full 0):
 garbage-first heap   total 187392K, used 41249K [0x0000000082600000, 0x0000000100000000)
  region size 1024K, 10 young (10240K), 10 survivors (10240K)
 Metaspace       used 55798K, capacity 57312K, committed 57520K, reserved 1099776K
  class space    used 7082K, capacity 7639K, committed 7680K, reserved 1048576K
}
Event: 3.360 GC heap before
{Heap before GC invocations=14 (full 0):
 garbage-first heap   total 187392K, used 64801K [0x0000000082600000, 0x0000000100000000)
  region size 1024K, 34 young (34816K), 10 survivors (10240K)
 Metaspace       used 58560K, capacity 60040K, committed 60208K, reserved 1101824K
  class space    used 7506K, capacity 8051K, committed 8064K, reserved 1048576K
}
Event: 3.368 GC heap after
{Heap after GC invocations=15 (full 0):
 garbage-first heap   total 249856K, used 42566K [0x0000000082600000, 0x0000000100000000)
  region size 1024K, 6 young (6144K), 6 survivors (6144K)
 Metaspace       used 58560K, capacity 60040K, committed 60208K, reserved 1101824K
  class space    used 7506K, capacity 8051K, committed 8064K, reserved 1048576K
}
Event: 4.221 GC heap before
{Heap before GC invocations=16 (full 0):
 garbage-first heap   total 249856K, used 164422K [0x0000000082600000, 0x0000000100000000)
  region size 1024K, 125 young (128000K), 6 survivors (6144K)
 Metaspace       used 66860K, capacity 68729K, committed 69020K, reserved 1110016K
  class space    used 8734K, capacity 9429K, committed 9472K, reserved 1048576K
}
Event: 4.230 GC heap after
{Heap after GC invocations=17 (full 0):
 garbage-first heap   total 249856K, used 46257K [0x0000000082600000, 0x0000000100000000)
  region size 1024K, 10 young (10240K), 10 survivors (10240K)
 Metaspace       used 66860K, capacity 68729K, committed 69020K, reserved 1110016K
  class space    used 8734K, capacity 9429K, committed 9472K, reserved 1048576K
}
Event: 59.529 GC heap before
{Heap before GC invocations=18 (full 0):
 garbage-first heap   total 249856K, used 147633K [0x0000000082600000, 0x0000000100000000)
  region size 1024K, 110 young (112640K), 10 survivors (10240K)
 Metaspace       used 74893K, capacity 76814K, committed 77084K, reserved 1116160K
  class space    used 9809K, capacity 10561K, committed 10624K, reserved 1048576K
}

