# JRE version: Java(TM) SE Runtime Environment (11.0.6+8) (build 11.0.6+8-LTS)
# Java VM: Java HotSpot(TM) 64-Bit Server VM (11.0.6+8-LTS, mixed mode, tiered, compressed oops, g1 gc, windows-amd64)
Heap:
 garbage-first heap   total 234496K, used 58202K [0x0000000082600000, 0x0000000100000000)
  region size 1024K, 24 young (24576K), 11 survivors (11264K)
 Metaspace       used 66657K, capacity 68482K, committed 68816K, reserved 1107968K
  class space    used 8757K, capacity 9496K, committed 9600K, reserved 1048576K
GC Heap History (10 events):
Event: 2.272 GC heap before
{Heap before GC invocations=11 (full 0):
 garbage-first heap   total 155648K, used 111713K [0x0000000082600000, 0x0000000100000000)
  region size 1024K, 90 young (92160K), 9 survivors (9216K)
 Metaspace       used 36243K, capacity 37573K, committed 37808K, reserved 1081344K
  class space    used 4592K, capacity 5117K, committed 5120K, reserved 1048576K
}
Event: 2.280 GC heap after
{Heap after GC invocations=12 (full 0):
 garbage-first heap   total 187392K, used 31127K [0x0000000082600000, 0x0000000100000000)
  region size 1024K, 7 young (7168K), 7 survivors (7168K)
 Metaspace       used 36243K, capacity 37573K, committed 37808K, reserved 1081344K
  class space    used 4592K, capacity 5117K, committed 5120K, reserved 1048576K
}
Event: 2.742 GC heap before
{Heap before GC invocations=12 (full 0):
 garbage-first heap   total 187392K, used 130455K [0x0000000082600000, 0x0000000100000000)
  region size 1024K, 103 young (105472K), 7 survivors (7168K)
 Metaspace       used 43367K, capacity 44711K, committed 44848K, reserved 1087488K
  class space    used 5399K, capacity 5936K, committed 6016K, reserved 1048576K
}
Event: 2.748 GC heap after
{Heap after GC invocations=13 (full 0):
 garbage-first heap   total 187392K, used 35870K [0x0000000082600000, 0x0000000100000000)
  region size 1024K, 9 young (9216K), 9 survivors (9216K)
 Metaspace       used 43367K, capacity 44711K, committed 44848K, reserved 1087488K
  class space    used 5399K, capacity 5936K, committed 6016K, reserved 1048576K
}
Event: 3.134 GC heap before
{Heap before GC invocations=13 (full 0):
 garbage-first heap   total 187392K, used 138270K [0x0000000082600000, 0x0000000100000000)
  region size 1024K, 109 young (111616K), 9 survivors (9216K)
 Metaspace       used 54811K, capacity 56315K, committed 56368K, reserved 1097728K
  class space    used 6920K, capacity 7518K, committed 7552K, reserved 1048576K
}
Event: 3.143 GC heap after
{Heap after GC invocations=14 (full 0):
 garbage-first heap   total 187392K, used 40929K [0x0000000082600000, 0x0000000100000000)
  region size 1024K, 13 young (13312K), 13 survivors (13312K)
 Metaspace       used 54811K, capacity 56315K, committed 56368K, reserved 1097728K
  class space    used 6920K, capacity 7518K, committed 7552K, reserved 1048576K
}
Event: 3.284 GC heap before
{Heap before GC invocations=14 (full 0):
 garbage-first heap   total 187392K, used 87009K [0x0000000082600000, 0x0000000100000000)
  region size 1024K, 59 young (60416K), 13 survivors (13312K)
 Metaspace       used 58658K, capacity 60171K, committed 60240K, reserved 1101824K
  class space    used 7542K, capacity 8156K, committed 8192K, reserved 1048576K
}
Event: 3.293 GC heap after
{Heap after GC invocations=15 (full 0):
 garbage-first heap   total 187392K, used 42476K [0x0000000082600000, 0x0000000100000000)
  region size 1024K, 7 young (7168K), 7 survivors (7168K)
 Metaspace       used 58658K, capacity 60171K, committed 60240K, reserved 1101824K
  class space    used 7542K, capacity 8156K, committed 8192K, reserved 1048576K
}
Event: 4.457 GC heap before
{Heap before GC invocations=16 (full 0):
 garbage-first heap   total 187392K, used 146924K [0x0000000082600000, 0x0000000100000000)
  region size 1024K, 109 young (111616K), 7 survivors (7168K)
 Metaspace       used 66211K, capacity 67974K, committed 68176K, reserved 1107968K
  class space    used 8667K, capacity 9371K, committed 9472K, reserved 1048576K
}
Event: 4.465 GC heap after
{Heap after GC invocations=17 (full 0):
 garbage-first heap   total 234496K, used 45914K [0x0000000082600000, 0x0000000100000000)
  region size 1024K, 11 young (11264K), 11 survivors (11264K)
 Metaspace       used 66211K, capacity 67974K, committed 68176K, reserved 1107968K
  class space    used 8667K, capacity 9371K, committed 9472K, reserved 1048576K
}

