# JRE version: Java(TM) SE Runtime Environment (11.0.6+8) (build 11.0.6+8-LTS)
# Java VM: Java HotSpot(TM) 64-Bit Server VM (11.0.6+8-LTS, mixed mode, tiered, compressed oops, g1 gc, windows-amd64)
Heap:
 garbage-first heap   total 231424K, used 49932K [0x0000000082600000, 0x0000000100000000)
  region size 1024K, 14 young (14336K), 6 survivors (6144K)
 Metaspace       used 59318K, capacity 60842K, committed 61136K, reserved 1101824K
  class space    used 7649K, capacity 8256K, committed 8320K, reserved 1048576K
GC Heap History (10 events):
Event: 2.246 GC heap before
{Heap before GC invocations=9 (full 0):
 garbage-first heap   total 155648K, used 106383K [0x0000000082600000, 0x0000000100000000)
  region size 1024K, 85 young (87040K), 6 survivors (6144K)
 Metaspace       used 34609K, capacity 35808K, committed 35888K, reserved 1081344K
  class space    used 4440K, capacity 4913K, committed 4992K, reserved 1048576K
}
Event: 2.254 GC heap after
{Heap after GC invocations=10 (full 0):
 garbage-first heap   total 187392K, used 29595K [0x0000000082600000, 0x0000000100000000)
  region size 1024K, 9 young (9216K), 9 survivors (9216K)
 Metaspace       used 34609K, capacity 35808K, committed 35888K, reserved 1081344K
  class space    used 4440K, capacity 4913K, committed 4992K, reserved 1048576K
}
Event: 2.449 GC heap before
{Heap before GC invocations=11 (full 0):
 garbage-first heap   total 187392K, used 130971K [0x0000000082600000, 0x0000000100000000)
  region size 1024K, 109 young (111616K), 9 survivors (9216K)
 Metaspace       used 36214K, capacity 37480K, committed 37552K, reserved 1081344K
  class space    used 4588K, capacity 5086K, committed 5120K, reserved 1048576K
}
Event: 2.455 GC heap after
{Heap after GC invocations=12 (full 0):
 garbage-first heap   total 187392K, used 30657K [0x0000000082600000, 0x0000000100000000)
  region size 1024K, 8 young (8192K), 8 survivors (8192K)
 Metaspace       used 36214K, capacity 37480K, committed 37552K, reserved 1081344K
  class space    used 4588K, capacity 5086K, committed 5120K, reserved 1048576K
}
Event: 3.091 GC heap before
{Heap before GC invocations=12 (full 0):
 garbage-first heap   total 187392K, used 136129K [0x0000000082600000, 0x0000000100000000)
  region size 1024K, 109 young (111616K), 8 survivors (8192K)
 Metaspace       used 46280K, capacity 47621K, committed 47920K, reserved 1091584K
  class space    used 5862K, capacity 6411K, committed 6528K, reserved 1048576K
}
Event: 3.102 GC heap after
{Heap after GC invocations=13 (full 0):
 garbage-first heap   total 187392K, used 36695K [0x0000000082600000, 0x0000000100000000)
  region size 1024K, 10 young (10240K), 10 survivors (10240K)
 Metaspace       used 46280K, capacity 47621K, committed 47920K, reserved 1091584K
  class space    used 5862K, capacity 6411K, committed 6528K, reserved 1048576K
}
Event: 3.518 GC heap before
{Heap before GC invocations=13 (full 0):
 garbage-first heap   total 187392K, used 137047K [0x0000000082600000, 0x0000000100000000)
  region size 1024K, 109 young (111616K), 10 survivors (10240K)
 Metaspace       used 56544K, capacity 58075K, committed 58160K, reserved 1099776K
  class space    used 7193K, capacity 7785K, committed 7808K, reserved 1048576K
}
Event: 3.527 GC heap after
{Heap after GC invocations=14 (full 0):
 garbage-first heap   total 187392K, used 42004K [0x0000000082600000, 0x0000000100000000)
  region size 1024K, 11 young (11264K), 11 survivors (11264K)
 Metaspace       used 56544K, capacity 58075K, committed 58160K, reserved 1099776K
  class space    used 7193K, capacity 7785K, committed 7808K, reserved 1048576K
}
Event: 3.613 GC heap before
{Heap before GC invocations=14 (full 0):
 garbage-first heap   total 187392K, used 62484K [0x0000000082600000, 0x0000000100000000)
  region size 1024K, 32 young (32768K), 11 survivors (11264K)
 Metaspace       used 58650K, capacity 60100K, committed 60240K, reserved 1101824K
  class space    used 7511K, capacity 8116K, committed 8192K, reserved 1048576K
}
Event: 3.622 GC heap after
{Heap after GC invocations=15 (full 0):
 garbage-first heap   total 231424K, used 42764K [0x0000000082600000, 0x0000000100000000)
  region size 1024K, 6 young (6144K), 6 survivors (6144K)
 Metaspace       used 58650K, capacity 60100K, committed 60240K, reserved 1101824K
  class space    used 7511K, capacity 8116K, committed 8192K, reserved 1048576K
}

